<?xml version="1.0" encoding="UTF-8"?>
<!-- Generated by org.testng.reporters.JUnitReportReporter -->
<testsuite skipped="0" hostname="raja" name="frame.WindowHandles" tests="1" failures="0" timestamp="11 May 2017 17:26:19 GMT" time="7.153" errors="0">
  <testcase name="WinHandle" time="7.153" classname="frame.WindowHandles"/>
</testsuite> <!-- frame.WindowHandles -->
