<?xml version="1.0" encoding="UTF-8"?>
<!-- Generated by org.testng.reporters.JUnitReportReporter -->
<testsuite skipped="0" hostname="raja" name="frame.AlertHandles" tests="1" failures="0" timestamp="11 May 2017 18:15:22 GMT" time="40.540" errors="0">
  <testcase name="alerts1" time="40.540" classname="frame.AlertHandles"/>
</testsuite> <!-- frame.AlertHandles -->
