<?xml version="1.0" encoding="UTF-8"?>
<!-- Generated by org.testng.reporters.JUnitReportReporter -->
<testsuite skipped="0" hostname="raja" name="frame.Calender" tests="1" failures="0" timestamp="11 May 2017 18:46:38 GMT" time="13.976" errors="0">
  <testcase name="alerts1" time="13.976" classname="frame.Calender"/>
</testsuite> <!-- frame.Calender -->
